<?xml version="1.0" encoding="UTF-8"?>
<!-- Generated by org.testng.reporters.JUnitReportReporter -->
<testsuite skipped="0" hostname="DESKTOP-4VT9FHB" name="qaclickacademy.ApiumTest" tests="1" failures="0" timestamp="2019-11-29T00:59:18 IST" time="0.006" errors="0">
  <testcase name="Test" time="0.006" classname="qaclickacademy.ApiumTest"/>
</testsuite> <!-- qaclickacademy.ApiumTest -->
