<?xml version="1.0" encoding="UTF-8"?>
<!-- Generated by org.testng.reporters.JUnitReportReporter -->
<testsuite skipped="0" hostname="DESKTOP-4VT9FHB" name="qaclickacademy.ApiumTest" tests="1" failures="0" timestamp="2020-09-26T23:31:07 IST" time="0.049" errors="0">
  <testcase name="Test" time="0.049" classname="qaclickacademy.ApiumTest"/>
</testsuite> <!-- qaclickacademy.ApiumTest -->
